<?xml version="1.0" encoding="UTF-8" standalone="no"?>
<!DOCTYPE log SYSTEM "logger.dtd">
<log>
<record>
  <date>2023-03-13T02:29:51.805930400Z</date>
  <millis>1678674591805</millis>
  <nanos>930400</nanos>
  <sequence>0</sequence>
  <logger>dev.rayraydev.LoggingExample</logger>
  <level>SEVERE</level>
  <class>dev.rayraydev.LoggingExample</class>
  <method>main</method>
  <thread>1</thread>
  <message>Yikes! Error Code: 60</message>
</record>
<record>
  <date>2023-03-13T02:29:51.842928600Z</date>
  <millis>1678674591842</millis>
  <nanos>928600</nanos>
  <sequence>1</sequence>
  <logger>dev.rayraydev.LoggingExample</logger>
  <level>INFO</level>
  <class>dev.rayraydev.LoggingExample</class>
  <method>main</method>
  <thread>1</thread>
  <message>Everything is AMAZING! Info Code: 6</message>
</record>
<record>
  <date>2023-03-13T02:29:51.843928300Z</date>
  <millis>1678674591843</millis>
  <nanos>928300</nanos>
  <sequence>2</sequence>
  <logger>dev.rayraydev.LoggingExample</logger>
  <level>INFO</level>
  <class>dev.rayraydev.LoggingExample</class>
  <method>main</method>
  <thread>1</thread>
  <message>Everything is AMAZING! Info Code: 33</message>
</record>
<record>
  <date>2023-03-13T02:29:51.843928300Z</date>
  <millis>1678674591843</millis>
  <nanos>928300</nanos>
  <sequence>3</sequence>
  <logger>dev.rayraydev.LoggingExample</logger>
  <level>INFO</level>
  <class>dev.rayraydev.LoggingExample</class>
  <method>main</method>
  <thread>1</thread>
  <message>Everything is AMAZING! Info Code: 67</message>
</record>
<record>
  <date>2023-03-13T02:29:51.844929100Z</date>
  <millis>1678674591844</millis>
  <nanos>929100</nanos>
  <sequence>4</sequence>
  <logger>dev.rayraydev.LoggingExample</logger>
  <level>INFO</level>
  <class>dev.rayraydev.LoggingExample</class>
  <method>main</method>
  <thread>1</thread>
  <message>Everything is AMAZING! Info Code: 11</message>
</record>
<record>
  <date>2023-03-13T02:29:51.844929100Z</date>
  <millis>1678674591844</millis>
  <nanos>929100</nanos>
  <sequence>5</sequence>
  <logger>dev.rayraydev.LoggingExample</logger>
  <level>WARNING</level>
  <class>dev.rayraydev.LoggingExample</class>
  <method>main</method>
  <thread>1</thread>
  <message>Eh. Warning Code: 32</message>
</record>
<record>
  <date>2023-03-13T02:29:51.845928700Z</date>
  <millis>1678674591845</millis>
  <nanos>928700</nanos>
  <sequence>6</sequence>
  <logger>dev.rayraydev.LoggingExample</logger>
  <level>WARNING</level>
  <class>dev.rayraydev.LoggingExample</class>
  <method>main</method>
  <thread>1</thread>
  <message>Eh. Warning Code: 12</message>
</record>
<record>
  <date>2023-03-13T02:29:51.845928700Z</date>
  <millis>1678674591845</millis>
  <nanos>928700</nanos>
  <sequence>7</sequence>
  <logger>dev.rayraydev.LoggingExample</logger>
  <level>INFO</level>
  <class>dev.rayraydev.LoggingExample</class>
  <method>main</method>
  <thread>1</thread>
  <message>Everything is AMAZING! Info Code: 98</message>
</record>
<record>
  <date>2023-03-13T02:29:51.845928700Z</date>
  <millis>1678674591845</millis>
  <nanos>928700</nanos>
  <sequence>8</sequence>
  <logger>dev.rayraydev.LoggingExample</logger>
  <level>SEVERE</level>
  <class>dev.rayraydev.LoggingExample</class>
  <method>main</method>
  <thread>1</thread>
  <message>Yikes! Error Code: 15</message>
</record>
<record>
  <date>2023-03-13T02:29:51.846929Z</date>
  <millis>1678674591846</millis>
  <nanos>929000</nanos>
  <sequence>9</sequence>
  <logger>dev.rayraydev.LoggingExample</logger>
  <level>WARNING</level>
  <class>dev.rayraydev.LoggingExample</class>
  <method>main</method>
  <thread>1</thread>
  <message>Eh. Warning Code: 96</message>
</record>
<record>
  <date>2023-03-13T02:29:51.846929Z</date>
  <millis>1678674591846</millis>
  <nanos>929000</nanos>
  <sequence>10</sequence>
  <logger>dev.rayraydev.LoggingExample</logger>
  <level>SEVERE</level>
  <class>dev.rayraydev.LoggingExample</class>
  <method>main</method>
  <thread>1</thread>
  <message>Yikes! Error Code: 95</message>
</record>
<record>
  <date>2023-03-13T02:29:51.847928300Z</date>
  <millis>1678674591847</millis>
  <nanos>928300</nanos>
  <sequence>11</sequence>
  <logger>dev.rayraydev.LoggingExample</logger>
  <level>SEVERE</level>
  <class>dev.rayraydev.LoggingExample</class>
  <method>main</method>
  <thread>1</thread>
  <message>Yikes! Error Code: 30</message>
</record>
<record>
  <date>2023-03-13T02:29:51.847928300Z</date>
  <millis>1678674591847</millis>
  <nanos>928300</nanos>
  <sequence>12</sequence>
  <logger>dev.rayraydev.LoggingExample</logger>
  <level>INFO</level>
  <class>dev.rayraydev.LoggingExample</class>
  <method>main</method>
  <thread>1</thread>
  <message>Everything is AMAZING! Info Code: 59</message>
</record>
<record>
  <date>2023-03-13T02:29:51.847928300Z</date>
  <millis>1678674591847</millis>
  <nanos>928300</nanos>
  <sequence>13</sequence>
  <logger>dev.rayraydev.LoggingExample</logger>
  <level>INFO</level>
  <class>dev.rayraydev.LoggingExample</class>
  <method>main</method>
  <thread>1</thread>
  <message>Everything is AMAZING! Info Code: 1</message>
</record>
<record>
  <date>2023-03-13T02:29:51.848929300Z</date>
  <millis>1678674591848</millis>
  <nanos>929300</nanos>
  <sequence>14</sequence>
  <logger>dev.rayraydev.LoggingExample</logger>
  <level>SEVERE</level>
  <class>dev.rayraydev.LoggingExample</class>
  <method>main</method>
  <thread>1</thread>
  <message>Yikes! Error Code: 15</message>
</record>
<record>
  <date>2023-03-13T02:29:51.848929300Z</date>
  <millis>1678674591848</millis>
  <nanos>929300</nanos>
  <sequence>15</sequence>
  <logger>dev.rayraydev.LoggingExample</logger>
  <level>SEVERE</level>
  <class>dev.rayraydev.LoggingExample</class>
  <method>main</method>
  <thread>1</thread>
  <message>Yikes! Error Code: 80</message>
</record>
<record>
  <date>2023-03-13T02:29:51.849935600Z</date>
  <millis>1678674591849</millis>
  <nanos>935600</nanos>
  <sequence>16</sequence>
  <logger>dev.rayraydev.LoggingExample</logger>
  <level>INFO</level>
  <class>dev.rayraydev.LoggingExample</class>
  <method>main</method>
  <thread>1</thread>
  <message>Everything is AMAZING! Info Code: 47</message>
</record>
<record>
  <date>2023-03-13T02:29:51.849935600Z</date>
  <millis>1678674591849</millis>
  <nanos>935600</nanos>
  <sequence>17</sequence>
  <logger>dev.rayraydev.LoggingExample</logger>
  <level>SEVERE</level>
  <class>dev.rayraydev.LoggingExample</class>
  <method>main</method>
  <thread>1</thread>
  <message>Yikes! Error Code: 30</message>
</record>
<record>
  <date>2023-03-13T02:29:51.850951Z</date>
  <millis>1678674591850</millis>
  <nanos>951000</nanos>
  <sequence>18</sequence>
  <logger>dev.rayraydev.LoggingExample</logger>
  <level>WARNING</level>
  <class>dev.rayraydev.LoggingExample</class>
  <method>main</method>
  <thread>1</thread>
  <message>Eh. Warning Code: 76</message>
</record>
<record>
  <date>2023-03-13T02:29:51.850951Z</date>
  <millis>1678674591850</millis>
  <nanos>951000</nanos>
  <sequence>19</sequence>
  <logger>dev.rayraydev.LoggingExample</logger>
  <level>INFO</level>
  <class>dev.rayraydev.LoggingExample</class>
  <method>main</method>
  <thread>1</thread>
  <message>Everything is AMAZING! Info Code: 31</message>
</record>
<record>
  <date>2023-03-13T02:29:51.851928800Z</date>
  <millis>1678674591851</millis>
  <nanos>928800</nanos>
  <sequence>20</sequence>
  <logger>dev.rayraydev.LoggingExample</logger>
  <level>INFO</level>
  <class>dev.rayraydev.LoggingExample</class>
  <method>main</method>
  <thread>1</thread>
  <message>Everything is AMAZING! Info Code: 29</message>
</record>
<record>
  <date>2023-03-13T02:29:51.851928800Z</date>
  <millis>1678674591851</millis>
  <nanos>928800</nanos>
  <sequence>21</sequence>
  <logger>dev.rayraydev.LoggingExample</logger>
  <level>INFO</level>
  <class>dev.rayraydev.LoggingExample</class>
  <method>main</method>
  <thread>1</thread>
  <message>Everything is AMAZING! Info Code: 87</message>
</record>
<record>
  <date>2023-03-13T02:29:51.852930200Z</date>
  <millis>1678674591852</millis>
  <nanos>930200</nanos>
  <sequence>22</sequence>
  <logger>dev.rayraydev.LoggingExample</logger>
  <level>INFO</level>
  <class>dev.rayraydev.LoggingExample</class>
  <method>main</method>
  <thread>1</thread>
  <message>Everything is AMAZING! Info Code: 98</message>
</record>
<record>
  <date>2023-03-13T02:29:51.852930200Z</date>
  <millis>1678674591852</millis>
  <nanos>930200</nanos>
  <sequence>23</sequence>
  <logger>dev.rayraydev.LoggingExample</logger>
  <level>INFO</level>
  <class>dev.rayraydev.LoggingExample</class>
  <method>main</method>
  <thread>1</thread>
  <message>Everything is AMAZING! Info Code: 78</message>
</record>
<record>
  <date>2023-03-13T02:29:51.853930400Z</date>
  <millis>1678674591853</millis>
  <nanos>930400</nanos>
  <sequence>24</sequence>
  <logger>dev.rayraydev.LoggingExample</logger>
  <level>INFO</level>
  <class>dev.rayraydev.LoggingExample</class>
  <method>main</method>
  <thread>1</thread>
  <message>Everything is AMAZING! Info Code: 58</message>
</record>
<record>
  <date>2023-03-13T02:29:51.853930400Z</date>
  <millis>1678674591853</millis>
  <nanos>930400</nanos>
  <sequence>25</sequence>
  <logger>dev.rayraydev.LoggingExample</logger>
  <level>INFO</level>
  <class>dev.rayraydev.LoggingExample</class>
  <method>main</method>
  <thread>1</thread>
  <message>Everything is AMAZING! Info Code: 63</message>
</record>
<record>
  <date>2023-03-13T02:29:51.854929400Z</date>
  <millis>1678674591854</millis>
  <nanos>929400</nanos>
  <sequence>26</sequence>
  <logger>dev.rayraydev.LoggingExample</logger>
  <level>INFO</level>
  <class>dev.rayraydev.LoggingExample</class>
  <method>main</method>
  <thread>1</thread>
  <message>Everything is AMAZING! Info Code: 22</message>
</record>
<record>
  <date>2023-03-13T02:29:51.854929400Z</date>
  <millis>1678674591854</millis>
  <nanos>929400</nanos>
  <sequence>27</sequence>
  <logger>dev.rayraydev.LoggingExample</logger>
  <level>SEVERE</level>
  <class>dev.rayraydev.LoggingExample</class>
  <method>main</method>
  <thread>1</thread>
  <message>Yikes! Error Code: 10</message>
</record>
<record>
  <date>2023-03-13T02:29:51.854929400Z</date>
  <millis>1678674591854</millis>
  <nanos>929400</nanos>
  <sequence>28</sequence>
  <logger>dev.rayraydev.LoggingExample</logger>
  <level>INFO</level>
  <class>dev.rayraydev.LoggingExample</class>
  <method>main</method>
  <thread>1</thread>
  <message>Everything is AMAZING! Info Code: 67</message>
</record>
<record>
  <date>2023-03-13T02:29:51.854929400Z</date>
  <millis>1678674591854</millis>
  <nanos>929400</nanos>
  <sequence>29</sequence>
  <logger>dev.rayraydev.LoggingExample</logger>
  <level>INFO</level>
  <class>dev.rayraydev.LoggingExample</class>
  <method>main</method>
  <thread>1</thread>
  <message>Everything is AMAZING! Info Code: 41</message>
</record>
<record>
  <date>2023-03-13T02:29:51.855928600Z</date>
  <millis>1678674591855</millis>
  <nanos>928600</nanos>
  <sequence>30</sequence>
  <logger>dev.rayraydev.LoggingExample</logger>
  <level>SEVERE</level>
  <class>dev.rayraydev.LoggingExample</class>
  <method>main</method>
  <thread>1</thread>
  <message>Yikes! Error Code: 75</message>
</record>
<record>
  <date>2023-03-13T02:29:51.855928600Z</date>
  <millis>1678674591855</millis>
  <nanos>928600</nanos>
  <sequence>31</sequence>
  <logger>dev.rayraydev.LoggingExample</logger>
  <level>SEVERE</level>
  <class>dev.rayraydev.LoggingExample</class>
  <method>main</method>
  <thread>1</thread>
  <message>Yikes! Error Code: 65</message>
</record>
<record>
  <date>2023-03-13T02:29:51.855928600Z</date>
  <millis>1678674591855</millis>
  <nanos>928600</nanos>
  <sequence>32</sequence>
  <logger>dev.rayraydev.LoggingExample</logger>
  <level>INFO</level>
  <class>dev.rayraydev.LoggingExample</class>
  <method>main</method>
  <thread>1</thread>
  <message>Everything is AMAZING! Info Code: 37</message>
</record>
<record>
  <date>2023-03-13T02:29:51.856929700Z</date>
  <millis>1678674591856</millis>
  <nanos>929700</nanos>
  <sequence>33</sequence>
  <logger>dev.rayraydev.LoggingExample</logger>
  <level>INFO</level>
  <class>dev.rayraydev.LoggingExample</class>
  <method>main</method>
  <thread>1</thread>
  <message>Everything is AMAZING! Info Code: 89</message>
</record>
<record>
  <date>2023-03-13T02:29:51.856929700Z</date>
  <millis>1678674591856</millis>
  <nanos>929700</nanos>
  <sequence>34</sequence>
  <logger>dev.rayraydev.LoggingExample</logger>
  <level>INFO</level>
  <class>dev.rayraydev.LoggingExample</class>
  <method>main</method>
  <thread>1</thread>
  <message>Everything is AMAZING! Info Code: 47</message>
</record>
<record>
  <date>2023-03-13T02:29:51.856929700Z</date>
  <millis>1678674591856</millis>
  <nanos>929700</nanos>
  <sequence>35</sequence>
  <logger>dev.rayraydev.LoggingExample</logger>
  <level>SEVERE</level>
  <class>dev.rayraydev.LoggingExample</class>
  <method>main</method>
  <thread>1</thread>
  <message>Yikes! Error Code: 40</message>
</record>
<record>
  <date>2023-03-13T02:29:51.856929700Z</date>
  <millis>1678674591856</millis>
  <nanos>929700</nanos>
  <sequence>36</sequence>
  <logger>dev.rayraydev.LoggingExample</logger>
  <level>INFO</level>
  <class>dev.rayraydev.LoggingExample</class>
  <method>main</method>
  <thread>1</thread>
  <message>Everything is AMAZING! Info Code: 77</message>
</record>
<record>
  <date>2023-03-13T02:29:51.857931600Z</date>
  <millis>1678674591857</millis>
  <nanos>931600</nanos>
  <sequence>37</sequence>
  <logger>dev.rayraydev.LoggingExample</logger>
  <level>INFO</level>
  <class>dev.rayraydev.LoggingExample</class>
  <method>main</method>
  <thread>1</thread>
  <message>Everything is AMAZING! Info Code: 19</message>
</record>
<record>
  <date>2023-03-13T02:29:51.857931600Z</date>
  <millis>1678674591857</millis>
  <nanos>931600</nanos>
  <sequence>38</sequence>
  <logger>dev.rayraydev.LoggingExample</logger>
  <level>INFO</level>
  <class>dev.rayraydev.LoggingExample</class>
  <method>main</method>
  <thread>1</thread>
  <message>Everything is AMAZING! Info Code: 62</message>
</record>
<record>
  <date>2023-03-13T02:29:51.858929100Z</date>
  <millis>1678674591858</millis>
  <nanos>929100</nanos>
  <sequence>39</sequence>
  <logger>dev.rayraydev.LoggingExample</logger>
  <level>SEVERE</level>
  <class>dev.rayraydev.LoggingExample</class>
  <method>main</method>
  <thread>1</thread>
  <message>Yikes! Error Code: 100</message>
</record>
<record>
  <date>2023-03-13T02:29:51.858929100Z</date>
  <millis>1678674591858</millis>
  <nanos>929100</nanos>
  <sequence>40</sequence>
  <logger>dev.rayraydev.LoggingExample</logger>
  <level>INFO</level>
  <class>dev.rayraydev.LoggingExample</class>
  <method>main</method>
  <thread>1</thread>
  <message>Everything is AMAZING! Info Code: 82</message>
</record>
<record>
  <date>2023-03-13T02:29:51.858929100Z</date>
  <millis>1678674591858</millis>
  <nanos>929100</nanos>
  <sequence>41</sequence>
  <logger>dev.rayraydev.LoggingExample</logger>
  <level>INFO</level>
  <class>dev.rayraydev.LoggingExample</class>
  <method>main</method>
  <thread>1</thread>
  <message>Everything is AMAZING! Info Code: 79</message>
</record>
<record>
  <date>2023-03-13T02:29:51.859929200Z</date>
  <millis>1678674591859</millis>
  <nanos>929200</nanos>
  <sequence>42</sequence>
  <logger>dev.rayraydev.LoggingExample</logger>
  <level>INFO</level>
  <class>dev.rayraydev.LoggingExample</class>
  <method>main</method>
  <thread>1</thread>
  <message>Everything is AMAZING! Info Code: 17</message>
</record>
<record>
  <date>2023-03-13T02:29:51.859929200Z</date>
  <millis>1678674591859</millis>
  <nanos>929200</nanos>
  <sequence>43</sequence>
  <logger>dev.rayraydev.LoggingExample</logger>
  <level>INFO</level>
  <class>dev.rayraydev.LoggingExample</class>
  <method>main</method>
  <thread>1</thread>
  <message>Everything is AMAZING! Info Code: 34</message>
</record>
<record>
  <date>2023-03-13T02:29:51.859929200Z</date>
  <millis>1678674591859</millis>
  <nanos>929200</nanos>
  <sequence>44</sequence>
  <logger>dev.rayraydev.LoggingExample</logger>
  <level>SEVERE</level>
  <class>dev.rayraydev.LoggingExample</class>
  <method>main</method>
  <thread>1</thread>
  <message>Yikes! Error Code: 80</message>
</record>
<record>
  <date>2023-03-13T02:29:51.859929200Z</date>
  <millis>1678674591859</millis>
  <nanos>929200</nanos>
  <sequence>45</sequence>
  <logger>dev.rayraydev.LoggingExample</logger>
  <level>INFO</level>
  <class>dev.rayraydev.LoggingExample</class>
  <method>main</method>
  <thread>1</thread>
  <message>Everything is AMAZING! Info Code: 19</message>
</record>
<record>
  <date>2023-03-13T02:29:51.860929300Z</date>
  <millis>1678674591860</millis>
  <nanos>929300</nanos>
  <sequence>46</sequence>
  <logger>dev.rayraydev.LoggingExample</logger>
  <level>INFO</level>
  <class>dev.rayraydev.LoggingExample</class>
  <method>main</method>
  <thread>1</thread>
  <message>Everything is AMAZING! Info Code: 61</message>
</record>
<record>
  <date>2023-03-13T02:29:51.860929300Z</date>
  <millis>1678674591860</millis>
  <nanos>929300</nanos>
  <sequence>47</sequence>
  <logger>dev.rayraydev.LoggingExample</logger>
  <level>SEVERE</level>
  <class>dev.rayraydev.LoggingExample</class>
  <method>main</method>
  <thread>1</thread>
  <message>Yikes! Error Code: 80</message>
</record>
<record>
  <date>2023-03-13T02:29:51.860929300Z</date>
  <millis>1678674591860</millis>
  <nanos>929300</nanos>
  <sequence>48</sequence>
  <logger>dev.rayraydev.LoggingExample</logger>
  <level>INFO</level>
  <class>dev.rayraydev.LoggingExample</class>
  <method>main</method>
  <thread>1</thread>
  <message>Everything is AMAZING! Info Code: 93</message>
</record>
<record>
  <date>2023-03-13T02:29:51.860929300Z</date>
  <millis>1678674591860</millis>
  <nanos>929300</nanos>
  <sequence>49</sequence>
  <logger>dev.rayraydev.LoggingExample</logger>
  <level>INFO</level>
  <class>dev.rayraydev.LoggingExample</class>
  <method>main</method>
  <thread>1</thread>
  <message>Everything is AMAZING! Info Code: 26</message>
</record>
<record>
  <date>2023-03-13T02:29:51.861929800Z</date>
  <millis>1678674591861</millis>
  <nanos>929800</nanos>
  <sequence>50</sequence>
  <logger>dev.rayraydev.LoggingExample</logger>
  <level>INFO</level>
  <class>dev.rayraydev.LoggingExample</class>
  <method>main</method>
  <thread>1</thread>
  <message>Everything is AMAZING! Info Code: 27</message>
</record>
<record>
  <date>2023-03-13T02:29:51.861929800Z</date>
  <millis>1678674591861</millis>
  <nanos>929800</nanos>
  <sequence>51</sequence>
  <logger>dev.rayraydev.LoggingExample</logger>
  <level>INFO</level>
  <class>dev.rayraydev.LoggingExample</class>
  <method>main</method>
  <thread>1</thread>
  <message>Everything is AMAZING! Info Code: 41</message>
</record>
<record>
  <date>2023-03-13T02:29:51.861929800Z</date>
  <millis>1678674591861</millis>
  <nanos>929800</nanos>
  <sequence>52</sequence>
  <logger>dev.rayraydev.LoggingExample</logger>
  <level>WARNING</level>
  <class>dev.rayraydev.LoggingExample</class>
  <method>main</method>
  <thread>1</thread>
  <message>Eh. Warning Code: 48</message>
</record>
<record>
  <date>2023-03-13T02:29:51.861929800Z</date>
  <millis>1678674591861</millis>
  <nanos>929800</nanos>
  <sequence>53</sequence>
  <logger>dev.rayraydev.LoggingExample</logger>
  <level>INFO</level>
  <class>dev.rayraydev.LoggingExample</class>
  <method>main</method>
  <thread>1</thread>
  <message>Everything is AMAZING! Info Code: 78</message>
</record>
<record>
  <date>2023-03-13T02:29:51.862929800Z</date>
  <millis>1678674591862</millis>
  <nanos>929800</nanos>
  <sequence>54</sequence>
  <logger>dev.rayraydev.LoggingExample</logger>
  <level>INFO</level>
  <class>dev.rayraydev.LoggingExample</class>
  <method>main</method>
  <thread>1</thread>
  <message>Everything is AMAZING! Info Code: 9</message>
</record>
<record>
  <date>2023-03-13T02:29:51.862929800Z</date>
  <millis>1678674591862</millis>
  <nanos>929800</nanos>
  <sequence>55</sequence>
  <logger>dev.rayraydev.LoggingExample</logger>
  <level>WARNING</level>
  <class>dev.rayraydev.LoggingExample</class>
  <method>main</method>
  <thread>1</thread>
  <message>Eh. Warning Code: 88</message>
</record>
<record>
  <date>2023-03-13T02:29:51.862929800Z</date>
  <millis>1678674591862</millis>
  <nanos>929800</nanos>
  <sequence>56</sequence>
  <logger>dev.rayraydev.LoggingExample</logger>
  <level>SEVERE</level>
  <class>dev.rayraydev.LoggingExample</class>
  <method>main</method>
  <thread>1</thread>
  <message>Yikes! Error Code: 75</message>
</record>
<record>
  <date>2023-03-13T02:29:51.862929800Z</date>
  <millis>1678674591862</millis>
  <nanos>929800</nanos>
  <sequence>57</sequence>
  <logger>dev.rayraydev.LoggingExample</logger>
  <level>INFO</level>
  <class>dev.rayraydev.LoggingExample</class>
  <method>main</method>
  <thread>1</thread>
  <message>Everything is AMAZING! Info Code: 46</message>
</record>
<record>
  <date>2023-03-13T02:29:51.863929600Z</date>
  <millis>1678674591863</millis>
  <nanos>929600</nanos>
  <sequence>58</sequence>
  <logger>dev.rayraydev.LoggingExample</logger>
  <level>SEVERE</level>
  <class>dev.rayraydev.LoggingExample</class>
  <method>main</method>
  <thread>1</thread>
  <message>Yikes! Error Code: 70</message>
</record>
<record>
  <date>2023-03-13T02:29:51.863929600Z</date>
  <millis>1678674591863</millis>
  <nanos>929600</nanos>
  <sequence>59</sequence>
  <logger>dev.rayraydev.LoggingExample</logger>
  <level>WARNING</level>
  <class>dev.rayraydev.LoggingExample</class>
  <method>main</method>
  <thread>1</thread>
  <message>Eh. Warning Code: 4</message>
</record>
<record>
  <date>2023-03-13T02:29:51.863929600Z</date>
  <millis>1678674591863</millis>
  <nanos>929600</nanos>
  <sequence>60</sequence>
  <logger>dev.rayraydev.LoggingExample</logger>
  <level>INFO</level>
  <class>dev.rayraydev.LoggingExample</class>
  <method>main</method>
  <thread>1</thread>
  <message>Everything is AMAZING! Info Code: 99</message>
</record>
<record>
  <date>2023-03-13T02:29:51.863929600Z</date>
  <millis>1678674591863</millis>
  <nanos>929600</nanos>
  <sequence>61</sequence>
  <logger>dev.rayraydev.LoggingExample</logger>
  <level>INFO</level>
  <class>dev.rayraydev.LoggingExample</class>
  <method>main</method>
  <thread>1</thread>
  <message>Everything is AMAZING! Info Code: 38</message>
</record>
<record>
  <date>2023-03-13T02:29:51.863929600Z</date>
  <millis>1678674591863</millis>
  <nanos>929600</nanos>
  <sequence>62</sequence>
  <logger>dev.rayraydev.LoggingExample</logger>
  <level>INFO</level>
  <class>dev.rayraydev.LoggingExample</class>
  <method>main</method>
  <thread>1</thread>
  <message>Everything is AMAZING! Info Code: 74</message>
</record>
<record>
  <date>2023-03-13T02:29:51.864929Z</date>
  <millis>1678674591864</millis>
  <nanos>929000</nanos>
  <sequence>63</sequence>
  <logger>dev.rayraydev.LoggingExample</logger>
  <level>INFO</level>
  <class>dev.rayraydev.LoggingExample</class>
  <method>main</method>
  <thread>1</thread>
  <message>Everything is AMAZING! Info Code: 9</message>
</record>
<record>
  <date>2023-03-13T02:29:51.864929Z</date>
  <millis>1678674591864</millis>
  <nanos>929000</nanos>
  <sequence>64</sequence>
  <logger>dev.rayraydev.LoggingExample</logger>
  <level>INFO</level>
  <class>dev.rayraydev.LoggingExample</class>
  <method>main</method>
  <thread>1</thread>
  <message>Everything is AMAZING! Info Code: 22</message>
</record>
<record>
  <date>2023-03-13T02:29:51.864929Z</date>
  <millis>1678674591864</millis>
  <nanos>929000</nanos>
  <sequence>65</sequence>
  <logger>dev.rayraydev.LoggingExample</logger>
  <level>INFO</level>
  <class>dev.rayraydev.LoggingExample</class>
  <method>main</method>
  <thread>1</thread>
  <message>Everything is AMAZING! Info Code: 71</message>
</record>
<record>
  <date>2023-03-13T02:29:51.864929Z</date>
  <millis>1678674591864</millis>
  <nanos>929000</nanos>
  <sequence>66</sequence>
  <logger>dev.rayraydev.LoggingExample</logger>
  <level>SEVERE</level>
  <class>dev.rayraydev.LoggingExample</class>
  <method>main</method>
  <thread>1</thread>
  <message>Yikes! Error Code: 25</message>
</record>
<record>
  <date>2023-03-13T02:29:51.865929200Z</date>
  <millis>1678674591865</millis>
  <nanos>929200</nanos>
  <sequence>67</sequence>
  <logger>dev.rayraydev.LoggingExample</logger>
  <level>INFO</level>
  <class>dev.rayraydev.LoggingExample</class>
  <method>main</method>
  <thread>1</thread>
  <message>Everything is AMAZING! Info Code: 14</message>
</record>
<record>
  <date>2023-03-13T02:29:51.865929200Z</date>
  <millis>1678674591865</millis>
  <nanos>929200</nanos>
  <sequence>68</sequence>
  <logger>dev.rayraydev.LoggingExample</logger>
  <level>INFO</level>
  <class>dev.rayraydev.LoggingExample</class>
  <method>main</method>
  <thread>1</thread>
  <message>Everything is AMAZING! Info Code: 3</message>
</record>
<record>
  <date>2023-03-13T02:29:51.865929200Z</date>
  <millis>1678674591865</millis>
  <nanos>929200</nanos>
  <sequence>69</sequence>
  <logger>dev.rayraydev.LoggingExample</logger>
  <level>INFO</level>
  <class>dev.rayraydev.LoggingExample</class>
  <method>main</method>
  <thread>1</thread>
  <message>Everything is AMAZING! Info Code: 18</message>
</record>
<record>
  <date>2023-03-13T02:29:51.865929200Z</date>
  <millis>1678674591865</millis>
  <nanos>929200</nanos>
  <sequence>70</sequence>
  <logger>dev.rayraydev.LoggingExample</logger>
  <level>INFO</level>
  <class>dev.rayraydev.LoggingExample</class>
  <method>main</method>
  <thread>1</thread>
  <message>Everything is AMAZING! Info Code: 93</message>
</record>
<record>
  <date>2023-03-13T02:29:51.865929200Z</date>
  <millis>1678674591865</millis>
  <nanos>929200</nanos>
  <sequence>71</sequence>
  <logger>dev.rayraydev.LoggingExample</logger>
  <level>INFO</level>
  <class>dev.rayraydev.LoggingExample</class>
  <method>main</method>
  <thread>1</thread>
  <message>Everything is AMAZING! Info Code: 33</message>
</record>
<record>
  <date>2023-03-13T02:29:51.866930200Z</date>
  <millis>1678674591866</millis>
  <nanos>930200</nanos>
  <sequence>72</sequence>
  <logger>dev.rayraydev.LoggingExample</logger>
  <level>SEVERE</level>
  <class>dev.rayraydev.LoggingExample</class>
  <method>main</method>
  <thread>1</thread>
  <message>Yikes! Error Code: 45</message>
</record>
<record>
  <date>2023-03-13T02:29:51.866930200Z</date>
  <millis>1678674591866</millis>
  <nanos>930200</nanos>
  <sequence>73</sequence>
  <logger>dev.rayraydev.LoggingExample</logger>
  <level>INFO</level>
  <class>dev.rayraydev.LoggingExample</class>
  <method>main</method>
  <thread>1</thread>
  <message>Everything is AMAZING! Info Code: 73</message>
</record>
<record>
  <date>2023-03-13T02:29:51.866930200Z</date>
  <millis>1678674591866</millis>
  <nanos>930200</nanos>
  <sequence>74</sequence>
  <logger>dev.rayraydev.LoggingExample</logger>
  <level>WARNING</level>
  <class>dev.rayraydev.LoggingExample</class>
  <method>main</method>
  <thread>1</thread>
  <message>Eh. Warning Code: 32</message>
</record>
<record>
  <date>2023-03-13T02:29:51.867930400Z</date>
  <millis>1678674591867</millis>
  <nanos>930400</nanos>
  <sequence>75</sequence>
  <logger>dev.rayraydev.LoggingExample</logger>
  <level>INFO</level>
  <class>dev.rayraydev.LoggingExample</class>
  <method>main</method>
  <thread>1</thread>
  <message>Everything is AMAZING! Info Code: 83</message>
</record>
<record>
  <date>2023-03-13T02:29:51.867930400Z</date>
  <millis>1678674591867</millis>
  <nanos>930400</nanos>
  <sequence>76</sequence>
  <logger>dev.rayraydev.LoggingExample</logger>
  <level>INFO</level>
  <class>dev.rayraydev.LoggingExample</class>
  <method>main</method>
  <thread>1</thread>
  <message>Everything is AMAZING! Info Code: 11</message>
</record>
<record>
  <date>2023-03-13T02:29:51.867930400Z</date>
  <millis>1678674591867</millis>
  <nanos>930400</nanos>
  <sequence>77</sequence>
  <logger>dev.rayraydev.LoggingExample</logger>
  <level>INFO</level>
  <class>dev.rayraydev.LoggingExample</class>
  <method>main</method>
  <thread>1</thread>
  <message>Everything is AMAZING! Info Code: 71</message>
</record>
<record>
  <date>2023-03-13T02:29:51.867930400Z</date>
  <millis>1678674591867</millis>
  <nanos>930400</nanos>
  <sequence>78</sequence>
  <logger>dev.rayraydev.LoggingExample</logger>
  <level>INFO</level>
  <class>dev.rayraydev.LoggingExample</class>
  <method>main</method>
  <thread>1</thread>
  <message>Everything is AMAZING! Info Code: 57</message>
</record>
<record>
  <date>2023-03-13T02:29:51.868929500Z</date>
  <millis>1678674591868</millis>
  <nanos>929500</nanos>
  <sequence>79</sequence>
  <logger>dev.rayraydev.LoggingExample</logger>
  <level>INFO</level>
  <class>dev.rayraydev.LoggingExample</class>
  <method>main</method>
  <thread>1</thread>
  <message>Everything is AMAZING! Info Code: 1</message>
</record>
<record>
  <date>2023-03-13T02:29:51.868929500Z</date>
  <millis>1678674591868</millis>
  <nanos>929500</nanos>
  <sequence>80</sequence>
  <logger>dev.rayraydev.LoggingExample</logger>
  <level>INFO</level>
  <class>dev.rayraydev.LoggingExample</class>
  <method>main</method>
  <thread>1</thread>
  <message>Everything is AMAZING! Info Code: 34</message>
</record>
<record>
  <date>2023-03-13T02:29:51.868929500Z</date>
  <millis>1678674591868</millis>
  <nanos>929500</nanos>
  <sequence>81</sequence>
  <logger>dev.rayraydev.LoggingExample</logger>
  <level>SEVERE</level>
  <class>dev.rayraydev.LoggingExample</class>
  <method>main</method>
  <thread>1</thread>
  <message>Yikes! Error Code: 50</message>
</record>
<record>
  <date>2023-03-13T02:29:51.868929500Z</date>
  <millis>1678674591868</millis>
  <nanos>929500</nanos>
  <sequence>82</sequence>
  <logger>dev.rayraydev.LoggingExample</logger>
  <level>WARNING</level>
  <class>dev.rayraydev.LoggingExample</class>
  <method>main</method>
  <thread>1</thread>
  <message>Eh. Warning Code: 16</message>
</record>
<record>
  <date>2023-03-13T02:29:51.869929700Z</date>
  <millis>1678674591869</millis>
  <nanos>929700</nanos>
  <sequence>83</sequence>
  <logger>dev.rayraydev.LoggingExample</logger>
  <level>SEVERE</level>
  <class>dev.rayraydev.LoggingExample</class>
  <method>main</method>
  <thread>1</thread>
  <message>Yikes! Error Code: 80</message>
</record>
<record>
  <date>2023-03-13T02:29:51.869929700Z</date>
  <millis>1678674591869</millis>
  <nanos>929700</nanos>
  <sequence>84</sequence>
  <logger>dev.rayraydev.LoggingExample</logger>
  <level>INFO</level>
  <class>dev.rayraydev.LoggingExample</class>
  <method>main</method>
  <thread>1</thread>
  <message>Everything is AMAZING! Info Code: 18</message>
</record>
<record>
  <date>2023-03-13T02:29:51.869929700Z</date>
  <millis>1678674591869</millis>
  <nanos>929700</nanos>
  <sequence>85</sequence>
  <logger>dev.rayraydev.LoggingExample</logger>
  <level>SEVERE</level>
  <class>dev.rayraydev.LoggingExample</class>
  <method>main</method>
  <thread>1</thread>
  <message>Yikes! Error Code: 15</message>
</record>
<record>
  <date>2023-03-13T02:29:51.869929700Z</date>
  <millis>1678674591869</millis>
  <nanos>929700</nanos>
  <sequence>86</sequence>
  <logger>dev.rayraydev.LoggingExample</logger>
  <level>SEVERE</level>
  <class>dev.rayraydev.LoggingExample</class>
  <method>main</method>
  <thread>1</thread>
  <message>Yikes! Error Code: 45</message>
</record>
<record>
  <date>2023-03-13T02:29:51.869929700Z</date>
  <millis>1678674591869</millis>
  <nanos>929700</nanos>
  <sequence>87</sequence>
  <logger>dev.rayraydev.LoggingExample</logger>
  <level>WARNING</level>
  <class>dev.rayraydev.LoggingExample</class>
  <method>main</method>
  <thread>1</thread>
  <message>Eh. Warning Code: 32</message>
</record>
<record>
  <date>2023-03-13T02:29:51.870929Z</date>
  <millis>1678674591870</millis>
  <nanos>929000</nanos>
  <sequence>88</sequence>
  <logger>dev.rayraydev.LoggingExample</logger>
  <level>INFO</level>
  <class>dev.rayraydev.LoggingExample</class>
  <method>main</method>
  <thread>1</thread>
  <message>Everything is AMAZING! Info Code: 3</message>
</record>
<record>
  <date>2023-03-13T02:29:51.870929Z</date>
  <millis>1678674591870</millis>
  <nanos>929000</nanos>
  <sequence>89</sequence>
  <logger>dev.rayraydev.LoggingExample</logger>
  <level>INFO</level>
  <class>dev.rayraydev.LoggingExample</class>
  <method>main</method>
  <thread>1</thread>
  <message>Everything is AMAZING! Info Code: 69</message>
</record>
<record>
  <date>2023-03-13T02:29:51.870929Z</date>
  <millis>1678674591870</millis>
  <nanos>929000</nanos>
  <sequence>90</sequence>
  <logger>dev.rayraydev.LoggingExample</logger>
  <level>INFO</level>
  <class>dev.rayraydev.LoggingExample</class>
  <method>main</method>
  <thread>1</thread>
  <message>Everything is AMAZING! Info Code: 61</message>
</record>
<record>
  <date>2023-03-13T02:29:51.870929Z</date>
  <millis>1678674591870</millis>
  <nanos>929000</nanos>
  <sequence>91</sequence>
  <logger>dev.rayraydev.LoggingExample</logger>
  <level>INFO</level>
  <class>dev.rayraydev.LoggingExample</class>
  <method>main</method>
  <thread>1</thread>
  <message>Everything is AMAZING! Info Code: 54</message>
</record>
<record>
  <date>2023-03-13T02:29:51.871929Z</date>
  <millis>1678674591871</millis>
  <nanos>929000</nanos>
  <sequence>92</sequence>
  <logger>dev.rayraydev.LoggingExample</logger>
  <level>SEVERE</level>
  <class>dev.rayraydev.LoggingExample</class>
  <method>main</method>
  <thread>1</thread>
  <message>Yikes! Error Code: 50</message>
</record>
<record>
  <date>2023-03-13T02:29:51.871929Z</date>
  <millis>1678674591871</millis>
  <nanos>929000</nanos>
  <sequence>93</sequence>
  <logger>dev.rayraydev.LoggingExample</logger>
  <level>INFO</level>
  <class>dev.rayraydev.LoggingExample</class>
  <method>main</method>
  <thread>1</thread>
  <message>Everything is AMAZING! Info Code: 26</message>
</record>
<record>
  <date>2023-03-13T02:29:51.871929Z</date>
  <millis>1678674591871</millis>
  <nanos>929000</nanos>
  <sequence>94</sequence>
  <logger>dev.rayraydev.LoggingExample</logger>
  <level>SEVERE</level>
  <class>dev.rayraydev.LoggingExample</class>
  <method>main</method>
  <thread>1</thread>
  <message>Yikes! Error Code: 55</message>
</record>
<record>
  <date>2023-03-13T02:29:51.871929Z</date>
  <millis>1678674591871</millis>
  <nanos>929000</nanos>
  <sequence>95</sequence>
  <logger>dev.rayraydev.LoggingExample</logger>
  <level>SEVERE</level>
  <class>dev.rayraydev.LoggingExample</class>
  <method>main</method>
  <thread>1</thread>
  <message>Yikes! Error Code: 55</message>
</record>
<record>
  <date>2023-03-13T02:29:51.871929Z</date>
  <millis>1678674591871</millis>
  <nanos>929000</nanos>
  <sequence>96</sequence>
  <logger>dev.rayraydev.LoggingExample</logger>
  <level>SEVERE</level>
  <class>dev.rayraydev.LoggingExample</class>
  <method>main</method>
  <thread>1</thread>
  <message>Yikes! Error Code: 35</message>
</record>
<record>
  <date>2023-03-13T02:29:51.872929800Z</date>
  <millis>1678674591872</millis>
  <nanos>929800</nanos>
  <sequence>97</sequence>
  <logger>dev.rayraydev.LoggingExample</logger>
  <level>SEVERE</level>
  <class>dev.rayraydev.LoggingExample</class>
  <method>main</method>
  <thread>1</thread>
  <message>Yikes! Error Code: 75</message>
</record>
<record>
  <date>2023-03-13T02:29:51.872929800Z</date>
  <millis>1678674591872</millis>
  <nanos>929800</nanos>
  <sequence>98</sequence>
  <logger>dev.rayraydev.LoggingExample</logger>
  <level>INFO</level>
  <class>dev.rayraydev.LoggingExample</class>
  <method>main</method>
  <thread>1</thread>
  <message>Everything is AMAZING! Info Code: 6</message>
</record>
<record>
  <date>2023-03-13T02:29:51.872929800Z</date>
  <millis>1678674591872</millis>
  <nanos>929800</nanos>
  <sequence>99</sequence>
  <logger>dev.rayraydev.LoggingExample</logger>
  <level>INFO</level>
  <class>dev.rayraydev.LoggingExample</class>
  <method>main</method>
  <thread>1</thread>
  <message>Everything is AMAZING! Info Code: 57</message>
</record>
</log>
